2022-12-26 18:58:27,859  INFO [main] LoginPage:48 - Trying to log in using user: {}admin
2022-12-26 19:00:05,658  INFO [main] LoginPage:48 - Trying to log in using user: {}admin
2022-12-26 19:00:57,674  INFO [main] LoginPage:48 - Trying to log in using user: {}trainee
2022-12-26 19:02:06,118  INFO [main] LoginPage:48 - Trying to log in using user: {}admin
2022-12-26 19:06:05,366  INFO [main] LoginPage:48 - Trying to log in using user: {}admin
2022-12-26 19:07:18,560  INFO [main] LoginPage:60 - Trying to log in using user: {}admin
2022-12-26 19:07:23,869  INFO [main] HomePage:33 - Logo size: {}(145, 50)
2022-12-26 19:07:43,941  INFO [main] LoginPage:48 - Trying to log in using user: {}admin
2022-12-26 19:07:59,077  INFO [main] LoginPage:48 - Trying to log in using user: {}trainee
2022-12-26 19:08:22,159  INFO [main] LoginPage:60 - Trying to log in using user: {}admin
2022-12-26 19:08:26,161  INFO [main] HomePage:39 - clicking task link located at: {}[[EdgeDriver: msedge on WINDOWS (e5c8bb6463f18be114766cb123b799fd)] -> xpath: //a[@class='content tasks']]
2022-12-26 19:08:28,841  INFO [main] TasksPage:51 - Creating new customer: {}Dineth2
2022-12-26 19:11:37,052  INFO [main] LoginPage:60 - Trying to log in using user: {}admin
2022-12-26 19:11:41,355  INFO [main] HomePage:39 - clicking task link located at: {}[[EdgeDriver: msedge on WINDOWS (97000d4bf34b58988e1c05b503cacbc5)] -> xpath: //a[@class='content tasks']]
2022-12-26 19:11:43,935  INFO [main] TasksPage:51 - Creating new customer: {}Dineth1
2022-12-26 19:19:39,490  INFO [main] LoginPage:60 - Trying to log in using user: {}admin
2022-12-26 19:19:43,923  INFO [main] HomePage:33 - Logo size: {}(145, 50)
2022-12-26 19:22:23,324  INFO [main] LoginPage:59 - Trying to log in using user: {}admin
2022-12-26 19:22:28,579  INFO [main] HomePage:39 - clicking task link located at: {}[[EdgeDriver: msedge on WINDOWS (f718617c0a1464af7292a885abf5c00a)] -> xpath: //a[@class='content tasks']]
2022-12-26 19:22:32,087  INFO [main] TasksPage:51 - Creating new customer: {}Dineth3
